mode: set
github.com/aRaimaiRu/assessment/expense/expense.go:33.23,35.16 2 1
github.com/aRaimaiRu/assessment/expense/expense.go:39.2,47.16 3 1
github.com/aRaimaiRu/assessment/expense/expense.go:51.2,51.11 1 1
github.com/aRaimaiRu/assessment/expense/expense.go:35.16,37.3 1 0
github.com/aRaimaiRu/assessment/expense/expense.go:47.16,49.3 1 1
github.com/aRaimaiRu/assessment/expense/query.go:5.56,8.16 3 0
github.com/aRaimaiRu/assessment/expense/query.go:12.2,14.16 3 0
github.com/aRaimaiRu/assessment/expense/query.go:17.2,17.16 1 0
github.com/aRaimaiRu/assessment/expense/query.go:8.16,10.3 1 0
github.com/aRaimaiRu/assessment/expense/query.go:14.16,16.3 1 0
github.com/aRaimaiRu/assessment/expense/query.go:20.55,23.16 3 1
github.com/aRaimaiRu/assessment/expense/query.go:27.2,29.16 3 0
github.com/aRaimaiRu/assessment/expense/query.go:32.2,32.16 1 0
github.com/aRaimaiRu/assessment/expense/query.go:23.16,25.3 1 1
github.com/aRaimaiRu/assessment/expense/query.go:29.16,31.3 1 0
github.com/aRaimaiRu/assessment/expense/query.go:36.54,39.16 3 0
github.com/aRaimaiRu/assessment/expense/query.go:43.2,44.16 2 0
github.com/aRaimaiRu/assessment/expense/query.go:48.2,48.18 1 0
github.com/aRaimaiRu/assessment/expense/query.go:58.2,58.20 1 0
github.com/aRaimaiRu/assessment/expense/query.go:39.16,41.3 1 0
github.com/aRaimaiRu/assessment/expense/query.go:44.16,46.3 1 0
github.com/aRaimaiRu/assessment/expense/query.go:48.18,52.17 3 0
github.com/aRaimaiRu/assessment/expense/query.go:55.3,55.30 1 0
github.com/aRaimaiRu/assessment/expense/query.go:52.17,54.4 1 0
github.com/aRaimaiRu/assessment/expense/update.go:5.69,8.16 2 0
github.com/aRaimaiRu/assessment/expense/update.go:12.2,13.16 2 0
github.com/aRaimaiRu/assessment/expense/update.go:16.2,16.16 1 0
github.com/aRaimaiRu/assessment/expense/update.go:8.16,10.3 1 0
github.com/aRaimaiRu/assessment/expense/update.go:13.16,15.3 1 0
github.com/aRaimaiRu/assessment/expense/update.go:20.68,23.16 2 1
github.com/aRaimaiRu/assessment/expense/update.go:27.2,28.16 2 0
github.com/aRaimaiRu/assessment/expense/update.go:31.2,31.16 1 0
github.com/aRaimaiRu/assessment/expense/update.go:23.16,25.3 1 1
github.com/aRaimaiRu/assessment/expense/update.go:28.16,30.3 1 0
github.com/aRaimaiRu/assessment/expense/create.go:7.57,12.16 4 0
github.com/aRaimaiRu/assessment/expense/create.go:15.2,15.16 1 0
github.com/aRaimaiRu/assessment/expense/create.go:12.16,14.3 1 0
