mode: set
github.com/aRaimaiRu/assessment/expense/create.go:7.57,12.16 4 1
github.com/aRaimaiRu/assessment/expense/create.go:15.2,15.16 1 0
github.com/aRaimaiRu/assessment/expense/create.go:12.16,14.3 1 1
github.com/aRaimaiRu/assessment/expense/expense.go:33.23,35.16 2 0
github.com/aRaimaiRu/assessment/expense/expense.go:39.2,47.16 3 0
github.com/aRaimaiRu/assessment/expense/expense.go:51.2,51.11 1 0
github.com/aRaimaiRu/assessment/expense/expense.go:35.16,37.3 1 0
github.com/aRaimaiRu/assessment/expense/expense.go:47.16,49.3 1 0
github.com/aRaimaiRu/assessment/expense/query.go:5.54,8.16 3 1
github.com/aRaimaiRu/assessment/expense/query.go:12.2,14.16 3 1
github.com/aRaimaiRu/assessment/expense/query.go:17.2,17.16 1 0
github.com/aRaimaiRu/assessment/expense/query.go:8.16,10.3 1 1
github.com/aRaimaiRu/assessment/expense/query.go:14.16,16.3 1 1
github.com/aRaimaiRu/assessment/expense/query.go:21.54,24.16 3 1
github.com/aRaimaiRu/assessment/expense/query.go:28.2,29.16 2 1
github.com/aRaimaiRu/assessment/expense/query.go:33.2,33.18 1 0
github.com/aRaimaiRu/assessment/expense/query.go:43.2,43.20 1 0
github.com/aRaimaiRu/assessment/expense/query.go:24.16,26.3 1 0
github.com/aRaimaiRu/assessment/expense/query.go:29.16,31.3 1 1
github.com/aRaimaiRu/assessment/expense/query.go:33.18,37.17 3 0
github.com/aRaimaiRu/assessment/expense/query.go:40.3,40.30 1 0
github.com/aRaimaiRu/assessment/expense/query.go:37.17,39.4 1 0
github.com/aRaimaiRu/assessment/expense/update.go:5.67,7.16 2 1
github.com/aRaimaiRu/assessment/expense/update.go:11.2,12.16 2 1
github.com/aRaimaiRu/assessment/expense/update.go:15.2,15.16 1 0
github.com/aRaimaiRu/assessment/expense/update.go:7.16,9.3 1 1
github.com/aRaimaiRu/assessment/expense/update.go:12.16,14.3 1 1
